{"C:\\Users\\ojesa\\Documents\\microverse-2022\\capstone-project\\src\\counter.js": {"path":"C:\\Users\\ojesa\\Documents\\microverse-2022\\capstone-project\\src\\counter.js","statementMap":{"0":{"start":{"line":2,"column":2},"end":{"line":2,"column":15}}},"fnMap":{"0":{"name":"sum","decl":{"start":{"line":1,"column":9},"end":{"line":1,"column":12}},"loc":{"start":{"line":1,"column":19},"end":{"line":3,"column":1}},"line":1}},"branchMap":{},"s":{"0":1},"f":{"0":1},"b":{},"_coverageSchema":"1a1c01bbd47fc00a2c39e90264f33305004495a9","hash":"41d040a9b6c7eaa0b0d17c65bebaed25313d8a8e"}
,"C:\\Users\\ojesa\\Documents\\microverse-2022\\capstone-project\\src\\__test__\\sum.js": {"path":"C:\\Users\\ojesa\\Documents\\microverse-2022\\capstone-project\\src\\__test__\\sum.js","statementMap":{"0":{"start":{"line":2,"column":2},"end":{"line":2,"column":15}}},"fnMap":{"0":{"name":"sum","decl":{"start":{"line":1,"column":9},"end":{"line":1,"column":12}},"loc":{"start":{"line":1,"column":19},"end":{"line":3,"column":1}},"line":1}},"branchMap":{},"s":{"0":1},"f":{"0":1},"b":{},"_coverageSchema":"1a1c01bbd47fc00a2c39e90264f33305004495a9","hash":"a75068a28d9c210933e0e4995345e5ba6fc1a34d"}
}
